Info: Starting: Create block symbol file (.bsf)
Info: qsys-generate C:\Users\KevPy\Downloads\lab8_provided_bat\lab8_soc.qsys --block-symbol-file --output-directory=C:\Users\KevPy\Downloads\lab8_provided_bat\lab8_soc --family="Cyclone IV E" --part=EP4CE115F29C7
Progress: Loading lab8_provided_bat/lab8_soc.qsys
Progress: Reading input file
Progress: Adding buttons [altera_avalon_pio 18.1]
Progress: Parameterizing module buttons
Progress: Adding clk_0 [clock_source 18.1]
Progress: Parameterizing module clk_0
Progress: Adding jtag_uart_0 [altera_avalon_jtag_uart 18.1]
Progress: Parameterizing module jtag_uart_0
Progress: Adding keycode [altera_avalon_pio 18.1]
Progress: Parameterizing module keycode
Progress: Adding nios2_gen2_0 [altera_nios2_gen2 18.1]
Progress: Parameterizing module nios2_gen2_0
Progress: Adding onchip_memory2_0 [altera_avalon_onchip_memory2 18.1]
Progress: Parameterizing module onchip_memory2_0
Progress: Adding otg_hpi_address [altera_avalon_pio 18.1]
Progress: Parameterizing module otg_hpi_address
Progress: Adding otg_hpi_cs [altera_avalon_pio 18.1]
Progress: Parameterizing module otg_hpi_cs
Progress: Adding otg_hpi_data [altera_avalon_pio 18.1]
Progress: Parameterizing module otg_hpi_data
Progress: Adding otg_hpi_r [altera_avalon_pio 18.1]
Progress: Parameterizing module otg_hpi_r
Progress: Adding otg_hpi_reset [altera_avalon_pio 18.1]
Progress: Parameterizing module otg_hpi_reset
Progress: Adding otg_hpi_w [altera_avalon_pio 18.1]
Progress: Parameterizing module otg_hpi_w
Progress: Adding sdram [altera_avalon_new_sdram_controller 18.1]
Progress: Parameterizing module sdram
Progress: Adding sdram_pll [altpll 18.1]
Progress: Parameterizing module sdram_pll
Progress: Adding sysid_qsys_0 [altera_avalon_sysid_qsys 18.1]
Progress: Parameterizing module sysid_qsys_0
Progress: Building connections
Progress: Parameterizing connections
Progress: Validating
Progress: Done reading input file
Info: lab8_soc.buttons: PIO inputs are not hardwired in test bench. Undefined values will be read from PIO inputs during simulation.
Info: lab8_soc.jtag_uart_0: JTAG UART IP input clock need to be at least double (2x) the operating frequency of JTAG TCK on board
Info: lab8_soc.otg_hpi_data: PIO inputs are not hardwired in test bench. Undefined values will be read from PIO inputs during simulation.
Info: lab8_soc.sdram: SDRAM Controller will only be supported in Quartus Prime Standard Edition in the future release.
Info: lab8_soc.sysid_qsys_0: System ID is not assigned automatically. Edit the System ID parameter to provide a unique ID
Info: lab8_soc.sysid_qsys_0: Time stamp will be automatically updated when this component is generated.
Info: qsys-generate succeeded.
Info: Finished: Create block symbol file (.bsf)
Info: 
Info: Starting: Create HDL design files for synthesis
Info: qsys-generate C:\Users\KevPy\Downloads\lab8_provided_bat\lab8_soc.qsys --synthesis=VERILOG --output-directory=C:\Users\KevPy\Downloads\lab8_provided_bat\lab8_soc\synthesis --family="Cyclone IV E" --part=EP4CE115F29C7
Progress: Loading lab8_provided_bat/lab8_soc.qsys
Progress: Reading input file
Progress: Adding buttons [altera_avalon_pio 18.1]
Progress: Parameterizing module buttons
Progress: Adding clk_0 [clock_source 18.1]
Progress: Parameterizing module clk_0
Progress: Adding jtag_uart_0 [altera_avalon_jtag_uart 18.1]
Progress: Parameterizing module jtag_uart_0
Progress: Adding keycode [altera_avalon_pio 18.1]
Progress: Parameterizing module keycode
Progress: Adding nios2_gen2_0 [altera_nios2_gen2 18.1]
Progress: Parameterizing module nios2_gen2_0
Progress: Adding onchip_memory2_0 [altera_avalon_onchip_memory2 18.1]
Progress: Parameterizing module onchip_memory2_0
Progress: Adding otg_hpi_address [altera_avalon_pio 18.1]
Progress: Parameterizing module otg_hpi_address
Progress: Adding otg_hpi_cs [altera_avalon_pio 18.1]
Progress: Parameterizing module otg_hpi_cs
Progress: Adding otg_hpi_data [altera_avalon_pio 18.1]
Progress: Parameterizing module otg_hpi_data
Progress: Adding otg_hpi_r [altera_avalon_pio 18.1]
Progress: Parameterizing module otg_hpi_r
Progress: Adding otg_hpi_reset [altera_avalon_pio 18.1]
Progress: Parameterizing module otg_hpi_reset
Progress: Adding otg_hpi_w [altera_avalon_pio 18.1]
Progress: Parameterizing module otg_hpi_w
Progress: Adding sdram [altera_avalon_new_sdram_controller 18.1]
Progress: Parameterizing module sdram
Progress: Adding sdram_pll [altpll 18.1]
Progress: Parameterizing module sdram_pll
Progress: Adding sysid_qsys_0 [altera_avalon_sysid_qsys 18.1]
Progress: Parameterizing module sysid_qsys_0
Progress: Building connections
Progress: Parameterizing connections
Progress: Validating
Progress: Done reading input file
Info: lab8_soc.buttons: PIO inputs are not hardwired in test bench. Undefined values will be read from PIO inputs during simulation.
Info: lab8_soc.jtag_uart_0: JTAG UART IP input clock need to be at least double (2x) the operating frequency of JTAG TCK on board
Info: lab8_soc.otg_hpi_data: PIO inputs are not hardwired in test bench. Undefined values will be read from PIO inputs during simulation.
Info: lab8_soc.sdram: SDRAM Controller will only be supported in Quartus Prime Standard Edition in the future release.
Info: lab8_soc.sysid_qsys_0: System ID is not assigned automatically. Edit the System ID parameter to provide a unique ID
Info: lab8_soc.sysid_qsys_0: Time stamp will be automatically updated when this component is generated.
Info: lab8_soc: Generating lab8_soc "lab8_soc" for QUARTUS_SYNTH
Info: Inserting clock-crossing logic between cmd_demux.src0 and cmd_mux.sink0
Info: Inserting clock-crossing logic between cmd_demux.src1 and cmd_mux_001.sink0
Info: Inserting clock-crossing logic between cmd_demux.src3 and cmd_mux_003.sink0
Info: Inserting clock-crossing logic between cmd_demux.src4 and cmd_mux_004.sink0
Info: Inserting clock-crossing logic between cmd_demux.src6 and cmd_mux_006.sink0
Info: Inserting clock-crossing logic between cmd_demux.src7 and cmd_mux_007.sink0
Info: Inserting clock-crossing logic between cmd_demux.src8 and cmd_mux_008.sink0
Info: Inserting clock-crossing logic between cmd_demux.src9 and cmd_mux_009.sink0
Info: Inserting clock-crossing logic between cmd_demux.src10 and cmd_mux_010.sink0
Info: Inserting clock-crossing logic between cmd_demux.src11 and cmd_mux_011.sink0
Info: Inserting clock-crossing logic between cmd_demux.src12 and cmd_mux_012.sink0
Info: Inserting clock-crossing logic between cmd_demux.src13 and cmd_mux_013.sink0
Info: Inserting clock-crossing logic between cmd_demux_001.src0 and cmd_mux_001.sink1
Info: Inserting clock-crossing logic between cmd_demux_001.src2 and cmd_mux_003.sink1
Info: Inserting clock-crossing logic between cmd_demux_001.src3 and cmd_mux_004.sink1
Info: Inserting clock-crossing logic between cmd_demux_001.src5 and cmd_mux_006.sink1
Info: Inserting clock-crossing logic between rsp_demux.src0 and rsp_mux.sink0
Info: Inserting clock-crossing logic between rsp_demux_001.src0 and rsp_mux.sink1
Info: Inserting clock-crossing logic between rsp_demux_001.src1 and rsp_mux_001.sink0
Info: Inserting clock-crossing logic between rsp_demux_003.src0 and rsp_mux.sink3
Info: Inserting clock-crossing logic between rsp_demux_003.src1 and rsp_mux_001.sink2
Info: Inserting clock-crossing logic between rsp_demux_004.src0 and rsp_mux.sink4
Info: Inserting clock-crossing logic between rsp_demux_004.src1 and rsp_mux_001.sink3
Info: Inserting clock-crossing logic between rsp_demux_006.src0 and rsp_mux.sink6
Info: Inserting clock-crossing logic between rsp_demux_006.src1 and rsp_mux_001.sink5
Info: Inserting clock-crossing logic between rsp_demux_007.src0 and rsp_mux.sink7
Info: Inserting clock-crossing logic between rsp_demux_008.src0 and rsp_mux.sink8
Info: Inserting clock-crossing logic between rsp_demux_009.src0 and rsp_mux.sink9
Info: Inserting clock-crossing logic between rsp_demux_010.src0 and rsp_mux.sink10
Info: Inserting clock-crossing logic between rsp_demux_011.src0 and rsp_mux.sink11
Info: Inserting clock-crossing logic between rsp_demux_012.src0 and rsp_mux.sink12
Info: Inserting clock-crossing logic between rsp_demux_013.src0 and rsp_mux.sink13
Info: buttons: Starting RTL generation for module 'lab8_soc_buttons'
Info: buttons:   Generation command is [exec C:/users/kevpy/quartus/quartus/bin64/perl/bin/perl.exe -I C:/users/kevpy/quartus/quartus/bin64/perl/lib -I C:/users/kevpy/quartus/quartus/sopc_builder/bin/europa -I C:/users/kevpy/quartus/quartus/sopc_builder/bin/perl_lib -I C:/users/kevpy/quartus/quartus/sopc_builder/bin -I C:/users/kevpy/quartus/quartus/../ip/altera/sopc_builder_ip/common -I C:/users/kevpy/quartus/quartus/../ip/altera/sopc_builder_ip/altera_avalon_pio -- C:/users/kevpy/quartus/quartus/../ip/altera/sopc_builder_ip/altera_avalon_pio/generate_rtl.pl --name=lab8_soc_buttons --dir=C:/Users/KevPy/AppData/Local/Temp/alt8334_699793494254658453.dir/0101_buttons_gen/ --quartus_dir=C:/users/kevpy/quartus/quartus --verilog --config=C:/Users/KevPy/AppData/Local/Temp/alt8334_699793494254658453.dir/0101_buttons_gen//lab8_soc_buttons_component_configuration.pl  --do_build_sim=0  ]
Info: buttons: Done RTL generation for module 'lab8_soc_buttons'
Info: buttons: "lab8_soc" instantiated altera_avalon_pio "buttons"
Info: jtag_uart_0: Starting RTL generation for module 'lab8_soc_jtag_uart_0'
Info: jtag_uart_0:   Generation command is [exec C:/users/kevpy/quartus/quartus/bin64/perl/bin/perl.exe -I C:/users/kevpy/quartus/quartus/bin64/perl/lib -I C:/users/kevpy/quartus/quartus/sopc_builder/bin/europa -I C:/users/kevpy/quartus/quartus/sopc_builder/bin/perl_lib -I C:/users/kevpy/quartus/quartus/sopc_builder/bin -I C:/users/kevpy/quartus/quartus/../ip/altera/sopc_builder_ip/common -I C:/users/kevpy/quartus/quartus/../ip/altera/sopc_builder_ip/altera_avalon_jtag_uart -- C:/users/kevpy/quartus/quartus/../ip/altera/sopc_builder_ip/altera_avalon_jtag_uart/generate_rtl.pl --name=lab8_soc_jtag_uart_0 --dir=C:/Users/KevPy/AppData/Local/Temp/alt8334_699793494254658453.dir/0102_jtag_uart_0_gen/ --quartus_dir=C:/users/kevpy/quartus/quartus --verilog --config=C:/Users/KevPy/AppData/Local/Temp/alt8334_699793494254658453.dir/0102_jtag_uart_0_gen//lab8_soc_jtag_uart_0_component_configuration.pl  --do_build_sim=0  ]
Info: jtag_uart_0: Done RTL generation for module 'lab8_soc_jtag_uart_0'
Info: jtag_uart_0: "lab8_soc" instantiated altera_avalon_jtag_uart "jtag_uart_0"
Info: keycode: Starting RTL generation for module 'lab8_soc_keycode'
Info: keycode:   Generation command is [exec C:/users/kevpy/quartus/quartus/bin64/perl/bin/perl.exe -I C:/users/kevpy/quartus/quartus/bin64/perl/lib -I C:/users/kevpy/quartus/quartus/sopc_builder/bin/europa -I C:/users/kevpy/quartus/quartus/sopc_builder/bin/perl_lib -I C:/users/kevpy/quartus/quartus/sopc_builder/bin -I C:/users/kevpy/quartus/quartus/../ip/altera/sopc_builder_ip/common -I C:/users/kevpy/quartus/quartus/../ip/altera/sopc_builder_ip/altera_avalon_pio -- C:/users/kevpy/quartus/quartus/../ip/altera/sopc_builder_ip/altera_avalon_pio/generate_rtl.pl --name=lab8_soc_keycode --dir=C:/Users/KevPy/AppData/Local/Temp/alt8334_699793494254658453.dir/0103_keycode_gen/ --quartus_dir=C:/users/kevpy/quartus/quartus --verilog --config=C:/Users/KevPy/AppData/Local/Temp/alt8334_699793494254658453.dir/0103_keycode_gen//lab8_soc_keycode_component_configuration.pl  --do_build_sim=0  ]
Info: keycode: Done RTL generation for module 'lab8_soc_keycode'
Info: keycode: "lab8_soc" instantiated altera_avalon_pio "keycode"
Info: nios2_gen2_0: "lab8_soc" instantiated altera_nios2_gen2 "nios2_gen2_0"
Info: onchip_memory2_0: Starting RTL generation for module 'lab8_soc_onchip_memory2_0'
Info: onchip_memory2_0:   Generation command is [exec C:/users/kevpy/quartus/quartus/bin64/perl/bin/perl.exe -I C:/users/kevpy/quartus/quartus/bin64/perl/lib -I C:/users/kevpy/quartus/quartus/sopc_builder/bin/europa -I C:/users/kevpy/quartus/quartus/sopc_builder/bin/perl_lib -I C:/users/kevpy/quartus/quartus/sopc_builder/bin -I C:/users/kevpy/quartus/quartus/../ip/altera/sopc_builder_ip/common -I C:/users/kevpy/quartus/quartus/../ip/altera/sopc_builder_ip/altera_avalon_onchip_memory2 -- C:/users/kevpy/quartus/quartus/../ip/altera/sopc_builder_ip/altera_avalon_onchip_memory2/generate_rtl.pl --name=lab8_soc_onchip_memory2_0 --dir=C:/Users/KevPy/AppData/Local/Temp/alt8334_699793494254658453.dir/0104_onchip_memory2_0_gen/ --quartus_dir=C:/users/kevpy/quartus/quartus --verilog --config=C:/Users/KevPy/AppData/Local/Temp/alt8334_699793494254658453.dir/0104_onchip_memory2_0_gen//lab8_soc_onchip_memory2_0_component_configuration.pl  --do_build_sim=0  ]
Info: onchip_memory2_0: Done RTL generation for module 'lab8_soc_onchip_memory2_0'
Info: onchip_memory2_0: "lab8_soc" instantiated altera_avalon_onchip_memory2 "onchip_memory2_0"
Info: otg_hpi_address: Starting RTL generation for module 'lab8_soc_otg_hpi_address'
Info: otg_hpi_address:   Generation command is [exec C:/users/kevpy/quartus/quartus/bin64/perl/bin/perl.exe -I C:/users/kevpy/quartus/quartus/bin64/perl/lib -I C:/users/kevpy/quartus/quartus/sopc_builder/bin/europa -I C:/users/kevpy/quartus/quartus/sopc_builder/bin/perl_lib -I C:/users/kevpy/quartus/quartus/sopc_builder/bin -I C:/users/kevpy/quartus/quartus/../ip/altera/sopc_builder_ip/common -I C:/users/kevpy/quartus/quartus/../ip/altera/sopc_builder_ip/altera_avalon_pio -- C:/users/kevpy/quartus/quartus/../ip/altera/sopc_builder_ip/altera_avalon_pio/generate_rtl.pl --name=lab8_soc_otg_hpi_address --dir=C:/Users/KevPy/AppData/Local/Temp/alt8334_699793494254658453.dir/0105_otg_hpi_address_gen/ --quartus_dir=C:/users/kevpy/quartus/quartus --verilog --config=C:/Users/KevPy/AppData/Local/Temp/alt8334_699793494254658453.dir/0105_otg_hpi_address_gen//lab8_soc_otg_hpi_address_component_configuration.pl  --do_build_sim=0  ]
Info: otg_hpi_address: Done RTL generation for module 'lab8_soc_otg_hpi_address'
Info: otg_hpi_address: "lab8_soc" instantiated altera_avalon_pio "otg_hpi_address"
Info: otg_hpi_cs: Starting RTL generation for module 'lab8_soc_otg_hpi_cs'
Info: otg_hpi_cs:   Generation command is [exec C:/users/kevpy/quartus/quartus/bin64/perl/bin/perl.exe -I C:/users/kevpy/quartus/quartus/bin64/perl/lib -I C:/users/kevpy/quartus/quartus/sopc_builder/bin/europa -I C:/users/kevpy/quartus/quartus/sopc_builder/bin/perl_lib -I C:/users/kevpy/quartus/quartus/sopc_builder/bin -I C:/users/kevpy/quartus/quartus/../ip/altera/sopc_builder_ip/common -I C:/users/kevpy/quartus/quartus/../ip/altera/sopc_builder_ip/altera_avalon_pio -- C:/users/kevpy/quartus/quartus/../ip/altera/sopc_builder_ip/altera_avalon_pio/generate_rtl.pl --name=lab8_soc_otg_hpi_cs --dir=C:/Users/KevPy/AppData/Local/Temp/alt8334_699793494254658453.dir/0106_otg_hpi_cs_gen/ --quartus_dir=C:/users/kevpy/quartus/quartus --verilog --config=C:/Users/KevPy/AppData/Local/Temp/alt8334_699793494254658453.dir/0106_otg_hpi_cs_gen//lab8_soc_otg_hpi_cs_component_configuration.pl  --do_build_sim=0  ]
Info: otg_hpi_cs: Done RTL generation for module 'lab8_soc_otg_hpi_cs'
Info: otg_hpi_cs: "lab8_soc" instantiated altera_avalon_pio "otg_hpi_cs"
Info: otg_hpi_data: Starting RTL generation for module 'lab8_soc_otg_hpi_data'
Info: otg_hpi_data:   Generation command is [exec C:/users/kevpy/quartus/quartus/bin64/perl/bin/perl.exe -I C:/users/kevpy/quartus/quartus/bin64/perl/lib -I C:/users/kevpy/quartus/quartus/sopc_builder/bin/europa -I C:/users/kevpy/quartus/quartus/sopc_builder/bin/perl_lib -I C:/users/kevpy/quartus/quartus/sopc_builder/bin -I C:/users/kevpy/quartus/quartus/../ip/altera/sopc_builder_ip/common -I C:/users/kevpy/quartus/quartus/../ip/altera/sopc_builder_ip/altera_avalon_pio -- C:/users/kevpy/quartus/quartus/../ip/altera/sopc_builder_ip/altera_avalon_pio/generate_rtl.pl --name=lab8_soc_otg_hpi_data --dir=C:/Users/KevPy/AppData/Local/Temp/alt8334_699793494254658453.dir/0107_otg_hpi_data_gen/ --quartus_dir=C:/users/kevpy/quartus/quartus --verilog --config=C:/Users/KevPy/AppData/Local/Temp/alt8334_699793494254658453.dir/0107_otg_hpi_data_gen//lab8_soc_otg_hpi_data_component_configuration.pl  --do_build_sim=0  ]
Info: otg_hpi_data: Done RTL generation for module 'lab8_soc_otg_hpi_data'
Info: otg_hpi_data: "lab8_soc" instantiated altera_avalon_pio "otg_hpi_data"
Info: sdram: Starting RTL generation for module 'lab8_soc_sdram'
Info: sdram:   Generation command is [exec C:/users/kevpy/quartus/quartus/bin64/perl/bin/perl.exe -I C:/users/kevpy/quartus/quartus/bin64/perl/lib -I C:/users/kevpy/quartus/quartus/sopc_builder/bin/europa -I C:/users/kevpy/quartus/quartus/sopc_builder/bin/perl_lib -I C:/users/kevpy/quartus/quartus/sopc_builder/bin -I C:/users/kevpy/quartus/quartus/../ip/altera/sopc_builder_ip/common -I C:/users/kevpy/quartus/quartus/../ip/altera/sopc_builder_ip/altera_avalon_new_sdram_controller -- C:/users/kevpy/quartus/quartus/../ip/altera/sopc_builder_ip/altera_avalon_new_sdram_controller/generate_rtl.pl --name=lab8_soc_sdram --dir=C:/Users/KevPy/AppData/Local/Temp/alt8334_699793494254658453.dir/0108_sdram_gen/ --quartus_dir=C:/users/kevpy/quartus/quartus --verilog --config=C:/Users/KevPy/AppData/Local/Temp/alt8334_699793494254658453.dir/0108_sdram_gen//lab8_soc_sdram_component_configuration.pl  --do_build_sim=0  ]
Info: sdram: Done RTL generation for module 'lab8_soc_sdram'
Info: sdram: "lab8_soc" instantiated altera_avalon_new_sdram_controller "sdram"
Info: sdram_pll: "lab8_soc" instantiated altpll "sdram_pll"
Info: sysid_qsys_0: "lab8_soc" instantiated altera_avalon_sysid_qsys "sysid_qsys_0"
Info: avalon_st_adapter: Inserting error_adapter: error_adapter_0
Info: avalon_st_adapter_001: Inserting error_adapter: error_adapter_0
Info: avalon_st_adapter_002: Inserting error_adapter: error_adapter_0
Info: avalon_st_adapter_003: Inserting error_adapter: error_adapter_0
Info: avalon_st_adapter_004: Inserting error_adapter: error_adapter_0
Info: avalon_st_adapter_005: Inserting error_adapter: error_adapter_0
Info: avalon_st_adapter_006: Inserting error_adapter: error_adapter_0
Info: avalon_st_adapter_007: Inserting error_adapter: error_adapter_0
Info: avalon_st_adapter_008: Inserting error_adapter: error_adapter_0
Info: avalon_st_adapter_009: Inserting error_adapter: error_adapter_0
Info: avalon_st_adapter_010: Inserting error_adapter: error_adapter_0
Info: avalon_st_adapter_011: Inserting error_adapter: error_adapter_0
Info: avalon_st_adapter_012: Inserting error_adapter: error_adapter_0
Info: avalon_st_adapter_013: Inserting error_adapter: error_adapter_0
Info: mm_interconnect_0: "lab8_soc" instantiated altera_mm_interconnect "mm_interconnect_0"
Info: irq_mapper: "lab8_soc" instantiated altera_irq_mapper "irq_mapper"
Info: irq_synchronizer: "lab8_soc" instantiated altera_irq_clock_crosser "irq_synchronizer"
Info: rst_controller: "lab8_soc" instantiated altera_reset_controller "rst_controller"
Info: cpu: Starting RTL generation for module 'lab8_soc_nios2_gen2_0_cpu'
Info: cpu:   Generation command is [exec C:/Users/KevPy/Quartus/quartus/bin64//eperlcmd.exe -I C:/Users/KevPy/Quartus/quartus/bin64//perl/lib -I C:/users/kevpy/quartus/quartus/sopc_builder/bin/europa -I C:/users/kevpy/quartus/quartus/sopc_builder/bin/perl_lib -I C:/users/kevpy/quartus/quartus/sopc_builder/bin -I C:/users/kevpy/quartus/quartus/../ip/altera/nios2_ip/altera_nios2_gen2/cpu_lib -I C:/users/kevpy/quartus/quartus/../ip/altera/nios2_ip/altera_nios2_gen2/nios_lib -I C:/users/kevpy/quartus/quartus/../ip/altera/nios2_ip/altera_nios2_gen2 -I C:/users/kevpy/quartus/quartus/../ip/altera/nios2_ip/altera_nios2_gen2 -- C:/users/kevpy/quartus/quartus/../ip/altera/nios2_ip/altera_nios2_gen2/generate_rtl.epl --name=lab8_soc_nios2_gen2_0_cpu --dir=C:/Users/KevPy/AppData/Local/Temp/alt8334_699793494254658453.dir/0115_cpu_gen/ --quartus_bindir=C:/Users/KevPy/Quartus/quartus/bin64/ --verilog --config=C:/Users/KevPy/AppData/Local/Temp/alt8334_699793494254658453.dir/0115_cpu_gen//lab8_soc_nios2_gen2_0_cpu_processor_configuration.pl  --do_build_sim=0  ]
Info: cpu: # 2020.03.14 13:29:57 (*) Starting Nios II generation
Info: cpu: # 2020.03.14 13:29:57 (*)   Checking for plaintext license.
Info: cpu: # 2020.03.14 13:29:58 (*)   Couldn't query license setup in Quartus directory C:/Users/KevPy/Quartus/quartus/bin64/
Info: cpu: # 2020.03.14 13:29:58 (*)   Defaulting to contents of LM_LICENSE_FILE environment variable
Info: cpu: # 2020.03.14 13:29:58 (*)   LM_LICENSE_FILE environment variable is empty
Info: cpu: # 2020.03.14 13:29:58 (*)   Plaintext license not found.
Info: cpu: # 2020.03.14 13:29:58 (*)   No license required to generate encrypted Nios II/e.
Info: cpu: # 2020.03.14 13:29:58 (*)   Elaborating CPU configuration settings
Info: cpu: # 2020.03.14 13:29:58 (*)   Creating all objects for CPU
Info: cpu: # 2020.03.14 13:30:00 (*)   Generating RTL from CPU objects
Info: cpu: # 2020.03.14 13:30:00 (*)   Creating plain-text RTL
Info: cpu: # 2020.03.14 13:30:01 (*) Done Nios II generation
Info: cpu: Done RTL generation for module 'lab8_soc_nios2_gen2_0_cpu'
Info: cpu: "nios2_gen2_0" instantiated altera_nios2_gen2_unit "cpu"
Info: nios2_gen2_0_data_master_translator: "mm_interconnect_0" instantiated altera_merlin_master_translator "nios2_gen2_0_data_master_translator"
Info: jtag_uart_0_avalon_jtag_slave_translator: "mm_interconnect_0" instantiated altera_merlin_slave_translator "jtag_uart_0_avalon_jtag_slave_translator"
Info: nios2_gen2_0_data_master_agent: "mm_interconnect_0" instantiated altera_merlin_master_agent "nios2_gen2_0_data_master_agent"
Info: jtag_uart_0_avalon_jtag_slave_agent: "mm_interconnect_0" instantiated altera_merlin_slave_agent "jtag_uart_0_avalon_jtag_slave_agent"
Info: jtag_uart_0_avalon_jtag_slave_agent_rsp_fifo: "mm_interconnect_0" instantiated altera_avalon_sc_fifo "jtag_uart_0_avalon_jtag_slave_agent_rsp_fifo"
Info: router: "mm_interconnect_0" instantiated altera_merlin_router "router"
Info: router_001: "mm_interconnect_0" instantiated altera_merlin_router "router_001"
Info: router_002: "mm_interconnect_0" instantiated altera_merlin_router "router_002"
Info: router_003: "mm_interconnect_0" instantiated altera_merlin_router "router_003"
Info: cmd_demux: "mm_interconnect_0" instantiated altera_merlin_demultiplexer "cmd_demux"
Info: cmd_demux_001: "mm_interconnect_0" instantiated altera_merlin_demultiplexer "cmd_demux_001"
Info: cmd_mux: "mm_interconnect_0" instantiated altera_merlin_multiplexer "cmd_mux"
Info: cmd_mux_001: "mm_interconnect_0" instantiated altera_merlin_multiplexer "cmd_mux_001"
Info: Reusing file C:/Users/KevPy/Downloads/lab8_provided_bat/lab8_soc/synthesis/submodules/altera_merlin_arbitrator.sv
Info: rsp_demux: "mm_interconnect_0" instantiated altera_merlin_demultiplexer "rsp_demux"
Info: rsp_demux_001: "mm_interconnect_0" instantiated altera_merlin_demultiplexer "rsp_demux_001"
Info: rsp_mux: "mm_interconnect_0" instantiated altera_merlin_multiplexer "rsp_mux"
Info: Reusing file C:/Users/KevPy/Downloads/lab8_provided_bat/lab8_soc/synthesis/submodules/altera_merlin_arbitrator.sv
Info: rsp_mux_001: "mm_interconnect_0" instantiated altera_merlin_multiplexer "rsp_mux_001"
Info: Reusing file C:/Users/KevPy/Downloads/lab8_provided_bat/lab8_soc/synthesis/submodules/altera_merlin_arbitrator.sv
Info: crosser: "mm_interconnect_0" instantiated altera_avalon_st_handshake_clock_crosser "crosser"
Info: avalon_st_adapter: "mm_interconnect_0" instantiated altera_avalon_st_adapter "avalon_st_adapter"
Info: error_adapter_0: "avalon_st_adapter" instantiated error_adapter "error_adapter_0"
Info: lab8_soc: Done "lab8_soc" with 37 modules, 54 files
Info: qsys-generate succeeded.
Info: Finished: Create HDL design files for synthesis
